<?xml version="1.0" encoding="UTF-8"?>
<testng-results ignored="0" total="1" passed="1" failed="0" skipped="0">
  <reporter-output>
  </reporter-output>
  <suite started-at="2025-07-19T21:42:26 IST" name="Default suite" finished-at="2025-07-19T21:42:34 IST" duration-ms="7732">
    <groups>
    </groups>
    <test started-at="2025-07-19T21:42:26 IST" name="Default test" finished-at="2025-07-19T21:42:34 IST" duration-ms="7732">
      <class name="Tests.LoginTest">
        <test-method is-config="true" signature="SetUp()[pri:0, instance:Tests.LoginTest@1d296da]" started-at="2025-07-19T21:42:26 IST" name="SetUp" finished-at="2025-07-19T21:42:32 IST" duration-ms="5798" status="PASS">
          <reporter-output>
          </reporter-output>
        </test-method> <!-- SetUp -->
        <test-method signature="testValidLogin()[pri:0, instance:Tests.LoginTest@1d296da]" started-at="2025-07-19T21:42:32 IST" name="testValidLogin" finished-at="2025-07-19T21:42:34 IST" duration-ms="1423" status="PASS">
          <reporter-output>
          </reporter-output>
        </test-method> <!-- testValidLogin -->
        <test-method is-config="true" signature="TearDown()[pri:0, instance:Tests.LoginTest@1d296da]" started-at="2025-07-19T21:42:34 IST" name="TearDown" finished-at="2025-07-19T21:42:34 IST" duration-ms="460" status="PASS">
          <reporter-output>
          </reporter-output>
        </test-method> <!-- TearDown -->
      </class> <!-- Tests.LoginTest -->
    </test> <!-- Default test -->
  </suite> <!-- Default suite -->
</testng-results>
